#
# A fatal error has been detected by the Java Runtime Environment:
#
#  EXCEPTION_ACCESS_VIOLATION (0xc0000005) at pc=0x000000007322c750, pid=3404, tid=6200
#
# JRE version: 6.0_17-b04
# Java VM: Java HotSpot(TM) 64-Bit Server VM (14.3-b01 mixed mode windows-amd64 )
# Problematic frame:
# C  0x000000007322c750
#
# If you would like to submit a bug report, please visit:
#   http://java.sun.com/webapps/bugreport/crash.jsp
# The crash happened outside the Java Virtual Machine in native code.
# See problematic frame for where to report the bug.
#

---------------  T H R E A D  ---------------

Current thread (0x000000000f89b800):  JavaThread "AWT-EventQueue-0" [_thread_in_native, id=6200, stack(0x0000000025420000,0x00000000254a0000)]

siginfo: ExceptionCode=0xc0000005, reading address 0x0000000000000008

Registers:
EAX=0x000000000000000d, EBX=0x000000000f89b9b8, ECX=0x0000000000000000, EDX=0xffffffffd1011278
ESP=0x000000002549dff8, EBP=0x000000000fcd9d80, ESI=0x000000000f89b9b8, EDI=0x0000000051d12160
EIP=0x000000007322c750, EFLAGS=0x0000000000010206

Top of Stack: (sp=0x000000002549dff8)
0x000000002549dff8:   00000000731d589c 0000000000000000
0x000000002549e008:   000000000f89b9b8 000000000fcd9d80
0x000000002549e018:   000000000f89b9b8 00000000350b4eb8
0x000000002549e028:   000000000f89b9b8 0000000037bce7d8
0x000000002549e038:   00000000731b3810 000000000f89b9b8
0x000000002549e048:   000000002549e710 000000002549e788
0x000000002549e058:   000000000fcd9d80 00000000317a589a
0x000000002549e068:   00000000731d2151 000000002549e070
0x000000002549e078:   000000002549e780 0000000000000000
0x000000002549e088:   000000002549e788 0000000000000000
0x000000002549e098:   00000000353ad370 000000002549e110
0x000000002549e0a8:   00000000317a5ac2 000000002549e110
0x000000002549e0b8:   00000000317a5ac2 00000000317a5ac2
0x000000002549e0c8:   0000000047c4fb98 000000002549e0d0
0x000000002549e0d8:   00000000350b5658 000000002549e1a0
0x000000002549e0e8:   0000000035331dc0 0000000037e073d0 

Instructions: (pc=0x000000007322c750)
0x000000007322c740:   48 8b 41 08 48 8b 80 18 0c 00 00 c3 cc cc cc cc
0x000000007322c750:   48 8b 49 08 48 85 c9 74 05 e9 72 f6 fd ff 33 c0 


Stack: [0x0000000025420000,0x00000000254a0000],  sp=0x000000002549dff8,  free space=503k
Native frames: (J=compiled Java code, j=interpreted, Vv=VM code, C=native code)
C  0x000000007322c750

Java frames: (J=compiled Java code, j=interpreted, Vv=VM code)
j  sun.java2d.windows.GDIBlitLoops.nativeBlit(Lsun/java2d/SurfaceData;Lsun/java2d/SurfaceData;Lsun/java2d/pipe/Region;IIIIIIIIIZ)V+0
j  sun.java2d.windows.GDIBlitLoops.Blit(Lsun/java2d/SurfaceData;Lsun/java2d/SurfaceData;Ljava/awt/Composite;Lsun/java2d/pipe/Region;IIIIII)V+33
j  sun.java2d.pipe.DrawImage.blitSurfaceData(Lsun/java2d/SunGraphics2D;Lsun/java2d/pipe/Region;Lsun/java2d/SurfaceData;Lsun/java2d/SurfaceData;Lsun/java2d/loops/SurfaceType;Lsun/java2d/loops/SurfaceType;IIIIIILjava/awt/Color;)V+97
j  sun.java2d.pipe.DrawImage.renderImageCopy(Lsun/java2d/SunGraphics2D;Ljava/awt/Image;Ljava/awt/Color;IIIIII)Z+75
j  sun.java2d.pipe.DrawImage.copyImage(Lsun/java2d/SunGraphics2D;Ljava/awt/Image;IILjava/awt/Color;)Z+45
j  sun.java2d.pipe.DrawImage.copyImage(Lsun/java2d/SunGraphics2D;Ljava/awt/Image;IILjava/awt/Color;Ljava/awt/image/ImageObserver;)Z+15
J  sun.java2d.SunGraphics2D.drawImage(Ljava/awt/Image;IILjava/awt/Color;Ljava/awt/image/ImageObserver;)Z
J  sun.java2d.SunGraphics2D.drawImage(Ljava/awt/Image;IILjava/awt/image/ImageObserver;)Z
j  javax.swing.RepaintManager$PaintManager.paintDoubleBuffered(Ljavax/swing/JComponent;Ljava/awt/Image;Ljava/awt/Graphics;IIII)V+127
j  javax.swing.RepaintManager$PaintManager.paint(Ljavax/swing/JComponent;Ljavax/swing/JComponent;Ljava/awt/Graphics;IIII)Z+116
j  javax.swing.RepaintManager.paint(Ljavax/swing/JComponent;Ljavax/swing/JComponent;Ljava/awt/Graphics;IIII)V+52
j  javax.swing.JComponent.paint(Ljava/awt/Graphics;)V+225
j  java.awt.GraphicsCallback$PaintCallback.run(Ljava/awt/Component;Ljava/awt/Graphics;)V+2
j  sun.awt.SunGraphicsCallback.runOneComponent(Ljava/awt/Component;Ljava/awt/Rectangle;Ljava/awt/Graphics;Ljava/awt/Shape;I)V+155
j  sun.awt.SunGraphicsCallback.runComponents([Ljava/awt/Component;Ljava/awt/Graphics;I)V+104
j  java.awt.Container.paint(Ljava/awt/Graphics;)V+73
j  javax.swing.RepaintManager.paintDirtyRegions(Ljava/util/Map;)V+256
j  javax.swing.RepaintManager.paintDirtyRegions()V+46
j  javax.swing.RepaintManager.seqPaintDirtyRegions()V+73
j  javax.swing.SystemEventQueueUtilities$ComponentWorkRequest.run()V+36
j  java.awt.event.InvocationEvent.dispatch()V+47
j  java.awt.EventQueue.dispatchEvent(Ljava/awt/AWTEvent;)V+26
j  java.awt.EventDispatchThread.pumpOneEventForFilters(I)Z+204
j  java.awt.EventDispatchThread.pumpEventsForFilter(ILjava/awt/Conditional;Ljava/awt/EventFilter;)V+30
j  java.awt.EventDispatchThread.pumpEventsForHierarchy(ILjava/awt/Conditional;Ljava/awt/Component;)V+11
j  java.awt.EventDispatchThread.pumpEvents(ILjava/awt/Conditional;)V+4
j  java.awt.EventDispatchThread.pumpEvents(Ljava/awt/Conditional;)V+3
j  java.awt.EventDispatchThread.run()V+9
v  ~StubRoutines::call_stub

---------------  P R O C E S S  ---------------

Java Threads: ( => current thread )
  0x000000000f8a0000 JavaThread "Explorer NavigationContext request queue" [_thread_blocked, id=6664, stack(0x00000000116b0000,0x0000000011730000)]
  0x000000000fa77800 JavaThread "Code Analyzer updating thread" [_thread_blocked, id=6172, stack(0x0000000059c80000,0x0000000059d00000)]
  0x000000000f8a8000 JavaThread "Code Analyzer updating thread" [_thread_blocked, id=2156, stack(0x000000005a1d0000,0x000000005a250000)]
  0x000000000f8a7000 JavaThread "Code Analyzer updating thread" [_thread_blocked, id=5716, stack(0x000000004ce40000,0x000000004cec0000)]
  0x000000000f8a6800 JavaThread "Code Analyzer updating thread" [_thread_blocked, id=7112, stack(0x000000005a120000,0x000000005a1a0000)]
  0x000000000f8a5800 JavaThread "Code Analyzer updating thread" [_thread_blocked, id=7116, stack(0x000000005a040000,0x000000005a0c0000)]
  0x000000000f8a5000 JavaThread "Code Analyzer updating thread" [_thread_blocked, id=3740, stack(0x0000000059b70000,0x0000000059bf0000)]
  0x000000000f8a4800 JavaThread "Code Analyzer updating thread" [_thread_blocked, id=1284, stack(0x0000000059f90000,0x000000005a010000)]
  0x000000000f8a3800 JavaThread "Code Analyzer updating thread" [_thread_blocked, id=3648, stack(0x0000000052c70000,0x0000000052cf0000)]
  0x000000000f8a3000 JavaThread "Active Reference Queue Daemon" daemon [_thread_blocked, id=6648, stack(0x0000000052d00000,0x0000000052d80000)]
  0x000000000f8a0800 JavaThread "Timer-7" daemon [_thread_blocked, id=7104, stack(0x0000000059e60000,0x0000000059ee0000)]
  0x000000000f8a1800 JavaThread "Timer-6" daemon [_thread_blocked, id=5684, stack(0x0000000059de0000,0x0000000059e60000)]
  0x000000000f89e800 JavaThread "AddressBar directory emptiness poller" [_thread_blocked, id=6736, stack(0x0000000052da0000,0x0000000052e20000)]
  0x000000000f89d000 JavaThread "Timer-1" [_thread_blocked, id=4868, stack(0x0000000051a70000,0x0000000051af0000)]
  0x000000000f89c800 JavaThread "TimerQueue" daemon [_thread_blocked, id=5752, stack(0x0000000051b20000,0x0000000051ba0000)]
=>0x000000000f89b800 JavaThread "AWT-EventQueue-0" [_thread_in_native, id=6200, stack(0x0000000025420000,0x00000000254a0000)]
  0x000000000f89b000 JavaThread "AWT-Shutdown" [_thread_blocked, id=4704, stack(0x000000004cdb0000,0x000000004ce30000)]
  0x000000000f89a000 JavaThread "FelixPackageAdmin" daemon [_thread_blocked, id=6496, stack(0x0000000050ef0000,0x0000000050f70000)]
  0x000000000f899800 JavaThread "FelixStartLevel" daemon [_thread_blocked, id=6500, stack(0x000000004cd20000,0x000000004cda0000)]
  0x000000000f898800 JavaThread "FelixDispatchQueue" daemon [_thread_blocked, id=7144, stack(0x0000000050f80000,0x0000000051000000)]
  0x000000000f54d800 JavaThread "com.google.common.base.internal.Finalizer" daemon [_thread_blocked, id=2504, stack(0x0000000008a20000,0x0000000008aa0000)]
  0x000000000f539800 JavaThread "AWT-Windows" daemon [_thread_in_native, id=1100, stack(0x0000000010ec0000,0x0000000010f40000)]
  0x000000000f534000 JavaThread "Java2D Disposer" daemon [_thread_blocked, id=6628, stack(0x000000000e2d0000,0x000000000e350000)]
  0x000000000f1c9800 JavaThread "Timer-0" [_thread_blocked, id=7060, stack(0x000000000e170000,0x000000000e1f0000)]
  0x000000000ebb1000 JavaThread "EventMgr Dispatcher" daemon [_thread_in_native, id=6576, stack(0x0000000019260000,0x000000001d260000)]
  0x000000000ded6000 JavaThread "Low Memory Detector" daemon [_thread_blocked, id=6464, stack(0x000000000e360000,0x000000000e3e0000)]
  0x000000000ded4800 JavaThread "CompilerThread1" daemon [_thread_blocked, id=6208, stack(0x0000000080000000,0x0000000084000000)]
  0x000000000dec7800 JavaThread "CompilerThread0" daemon [_thread_blocked, id=6788, stack(0x000000006e1a0000,0x00000000721a0000)]
  0x000000000dec2800 JavaThread "Attach Listener" daemon [_thread_blocked, id=2376, stack(0x000000000e250000,0x000000000e2d0000)]
  0x000000000de6e000 JavaThread "Finalizer" daemon [_thread_blocked, id=6388, stack(0x000000000d2e0000,0x000000000d360000)]
  0x000000000de62800 JavaThread "Reference Handler" daemon [_thread_blocked, id=5048, stack(0x000000000e090000,0x000000000e110000)]
  0x000000000596f800 JavaThread "main" [_thread_in_native, id=6592, stack(0x0000000000050000,0x0000000004050000)]

Other Threads:
  0x000000000588e800 VMThread [stack: 0x0000000068760000,0x000000006c760000] [id=6540]
  0x000000000df02000 WatcherThread [stack: 0x00000000840f0000,0x00000000880f0000] [id=3952]

VM state:not at safepoint (normal execution)

VM Mutex/Monitor currently owned by a thread: None

Heap
 PSYoungGen      total 50048K, used 34537K [0x0000000045aa0000, 0x0000000048ba0000, 0x0000000048ba0000)
  eden space 49920K, 69% used [0x0000000045aa0000,0x0000000047c525e8,0x0000000048b60000)
  from space 128K, 25% used [0x0000000048b60000,0x0000000048b68000,0x0000000048b80000)
  to   space 128K, 0% used [0x0000000048b80000,0x0000000048b80000,0x0000000048ba0000)
 PSOldGen        total 73344K, used 61315K [0x000000003c7a0000, 0x0000000040f40000, 0x0000000045aa0000)
  object space 73344K, 83% used [0x000000003c7a0000,0x0000000040380dd0,0x0000000040f40000)
 PSPermGen       total 130304K, used 61469K [0x00000000347a0000, 0x000000003c6e0000, 0x000000003c7a0000)
  object space 130304K, 47% used [0x00000000347a0000,0x00000000383a75a0,0x000000003c6e0000)

Dynamic libraries:
0x000000013fc70000 - 0x000000013fca2000 	C:\Program Files\MATLAB\R2012a\bin\win64\MATLAB.exe
0x0000000077980000 - 0x0000000077b29000 	C:\Windows\SYSTEM32\ntdll.dll
0x0000000077710000 - 0x000000007782f000 	C:\Windows\system32\kernel32.dll
0x000007fefe140000 - 0x000007fefe1ac000 	C:\Windows\system32\KERNELBASE.dll
0x0000000075190000 - 0x0000000075225000 	C:\Windows\System32\SYSFER.DLL
0x0000000074460000 - 0x0000000074554000 	C:\Program Files\MATLAB\R2012a\bin\win64\libut.dll
0x00000000758a0000 - 0x0000000075952000 	C:\Program Files\MATLAB\R2012a\bin\win64\libmwi18n.dll
0x0000000180000000 - 0x000000018000b000 	C:\Program Files\MATLAB\R2012a\bin\win64\libmwresource_core.dll
0x000000006df30000 - 0x000000006e003000 	C:\Windows\WinSxS\amd64_microsoft.vc90.crt_1fc8b3b9a1e18e3b_9.0.30729.6161_none_08e61857a83bc251\MSVCP90.dll
0x000000006de80000 - 0x000000006df23000 	C:\Windows\WinSxS\amd64_microsoft.vc90.crt_1fc8b3b9a1e18e3b_9.0.30729.6161_none_08e61857a83bc251\MSVCR90.dll
0x000000007a170000 - 0x000000007a19c000 	C:\Program Files\MATLAB\R2012a\bin\win64\boost_filesystem-vc90-mt-1_44.dll
0x000000007a560000 - 0x000000007a569000 	C:\Program Files\MATLAB\R2012a\bin\win64\boost_system-vc90-mt-1_44.dll
0x000007feff890000 - 0x000007feff96b000 	C:\Windows\system32\ADVAPI32.dll
0x000007feff5f0000 - 0x000007feff68f000 	C:\Windows\system32\msvcrt.dll
0x000007feff690000 - 0x000007feff6af000 	C:\Windows\SYSTEM32\sechost.dll
0x000007fefe5b0000 - 0x000007fefe6dd000 	C:\Windows\system32\RPCRT4.dll
0x000000007a010000 - 0x000000007a035000 	C:\Program Files\MATLAB\R2012a\bin\win64\LIBEXPAT.dll
0x0000000056a00000 - 0x0000000056bf1000 	C:\Program Files\MATLAB\R2012a\bin\win64\icuin44.dll
0x0000000056880000 - 0x00000000569f1000 	C:\Program Files\MATLAB\R2012a\bin\win64\icuuc44.dll
0x0000000010000000 - 0x0000000010e41000 	C:\Program Files\MATLAB\R2012a\bin\win64\icudt44.dll
0x0000000073f70000 - 0x00000000740ad000 	C:\Program Files\MATLAB\R2012a\bin\win64\libmwfl.dll
0x0000000004290000 - 0x0000000004586000 	C:\Program Files\MATLAB\R2012a\bin\win64\libmwMATLAB_res.dll
0x000000007a3b0000 - 0x000000007a3c0000 	C:\Program Files\MATLAB\R2012a\bin\win64\boost_date_time-vc90-mt-1_44.dll
0x000000007a250000 - 0x000000007a263000 	C:\Program Files\MATLAB\R2012a\bin\win64\boost_signals-vc90-mt-1_44.dll
0x000000007a2d0000 - 0x000000007a2e2000 	C:\Program Files\MATLAB\R2012a\bin\win64\boost_thread-vc90-mt-1_44.dll
0x00000000045b0000 - 0x00000000045f6000 	C:\Program Files\MATLAB\R2012a\bin\win64\tbb.dll
0x000007fefe7c0000 - 0x000007fefe7d9000 	C:\Windows\system32\imagehlp.dll
0x0000000077b40000 - 0x0000000077b47000 	C:\Windows\system32\PSAPI.DLL
0x000000006d270000 - 0x000000006d283000 	C:\Program Files\MATLAB\R2012a\bin\win64\icuio44.dll
0x000007fef8e10000 - 0x000007fef8f35000 	C:\Windows\system32\dbghelp.dll
0x0000000077610000 - 0x000000007770a000 	C:\Windows\system32\USER32.dll
0x000007fefe270000 - 0x000007fefe2d7000 	C:\Windows\system32\GDI32.dll
0x000007fefe5a0000 - 0x000007fefe5ae000 	C:\Windows\system32\LPK.dll
0x000007feffbc0000 - 0x000007feffc89000 	C:\Windows\system32\USP10.dll
0x000000007bed0000 - 0x000000007c183000 	C:\Program Files\MATLAB\R2012a\bin\win64\libmwservices.dll
0x0000000075a20000 - 0x0000000075ae2000 	C:\Program Files\MATLAB\R2012a\bin\win64\libmx.dll
0x000000007a210000 - 0x000000007a228000 	C:\Program Files\MATLAB\R2012a\bin\win64\zlib1.dll
0x0000000004650000 - 0x0000000004671000 	C:\Program Files\MATLAB\R2012a\bin\win64\libmwmfl_scalar.dll
0x0000000075f10000 - 0x0000000075f5d000 	C:\Program Files\MATLAB\R2012a\bin\win64\mpath.dll
0x000000007b680000 - 0x000000007bbe1000 	C:\Program Files\MATLAB\R2012a\bin\win64\mlutil.dll
0x0000000056800000 - 0x000000005687f000 	C:\Program Files\MATLAB\R2012a\bin\win64\xmlcore.dll
0x000000007bc30000 - 0x000000007be83000 	C:\Program Files\MATLAB\R2012a\bin\win64\xerces-c_2_7.dll
0x000007fefe2e0000 - 0x000007fefe32d000 	C:\Windows\system32\WS2_32.dll
0x000007fefe230000 - 0x000007fefe238000 	C:\Windows\system32\NSI.dll
0x00000000046d0000 - 0x00000000046ea000 	C:\Program Files\MATLAB\R2012a\bin\win64\libmwMATLAB_settings_res.dll
0x0000000004700000 - 0x0000000004747000 	C:\Program Files\MATLAB\R2012a\bin\win64\boost_serialization-vc90-mt-1_44.dll
0x000007fefe860000 - 0x000007feff5e8000 	C:\Windows\system32\SHELL32.dll
0x000007fefe7e0000 - 0x000007fefe851000 	C:\Windows\system32\SHLWAPI.dll
0x000007fef9190000 - 0x000007fef9230000 	C:\Windows\WinSxS\amd64_microsoft.windows.common-controls_6595b64144ccf1df_5.82.7601.17514_none_a4d6a923711520a9\COMCTL32.dll
0x000007feffb20000 - 0x000007feffbb7000 	C:\Windows\system32\COMDLG32.dll
0x000007fefbe40000 - 0x000007fefbe56000 	C:\Windows\system32\NETAPI32.dll
0x000007fefbe30000 - 0x000007fefbe3c000 	C:\Windows\system32\netutils.dll
0x000007fefd9d0000 - 0x000007fefd9f3000 	C:\Windows\system32\srvcli.dll
0x000007fefbe10000 - 0x000007fefbe25000 	C:\Windows\system32\wkscli.dll
0x000007fefe330000 - 0x000007fefe533000 	C:\Windows\system32\ole32.dll
0x000007fefe6e0000 - 0x000007fefe7b7000 	C:\Windows\system32\OLEAUT32.dll
0x0000000074970000 - 0x0000000074b06000 	C:\Program Files\MATLAB\R2012a\bin\win64\mcr.dll
0x0000000004770000 - 0x0000000004adb000 	C:\Program Files\MATLAB\R2012a\bin\win64\iqm.dll
0x0000000055fd0000 - 0x00000000567f1000 	C:\Program Files\MATLAB\R2012a\bin\win64\m_interpreter.dll
0x000000005b460000 - 0x000000005b485000 	C:\Program Files\MATLAB\R2012a\bin\win64\libmex.dll
0x0000000055f10000 - 0x0000000055fc3000 	C:\Program Files\MATLAB\R2012a\bin\win64\m_dispatcher.dll
0x0000000074880000 - 0x000000007496d000 	C:\Program Files\MATLAB\R2012a\bin\win64\boost_regex-vc90-mt-1_44.dll
0x0000000055e80000 - 0x0000000055f04000 	C:\Program Files\MATLAB\R2012a\bin\win64\profiler.dll
0x0000000004b40000 - 0x0000000004d95000 	C:\Program Files\MATLAB\R2012a\bin\win64\libmwmathutil.dll
0x0000000079f40000 - 0x0000000079f6d000 	C:\Program Files\MATLAB\R2012a\bin\win64\libmwmathrng.dll
0x0000000074c10000 - 0x0000000074ced000 	C:\Program Files\MATLAB\R2012a\bin\win64\libmwmathcore.dll
0x0000000076160000 - 0x00000000761cb000 	C:\Program Files\MATLAB\R2012a\bin\win64\libmwspmatrix.dll
0x0000000075ea0000 - 0x0000000075f02000 	C:\Program Files\MATLAB\R2012a\bin\win64\libmwcholmod.dll
0x000000007a460000 - 0x000000007a46d000 	C:\Program Files\MATLAB\R2012a\bin\win64\libmwamd.dll
0x000000007a4b0000 - 0x000000007a4bc000 	C:\Program Files\MATLAB\R2012a\bin\win64\libmwcolamd.dll
0x0000000074810000 - 0x0000000074829000 	C:\Program Files\MATLAB\R2012a\bin\win64\libmwblas.dll
0x000000005b560000 - 0x000000005b572000 	C:\Program Files\MATLAB\R2012a\bin\win64\libmwbinder.dll
0x0000000068470000 - 0x000000006847b000 	C:\Program Files\MATLAB\R2012a\bin\win64\libmwompwrapper.dll
0x0000000055df0000 - 0x0000000055e76000 	C:\Program Files\MATLAB\R2012a\bin\win64\libmwlapack.dll
0x000000005a3d0000 - 0x000000005a3f1000 	C:\Program Files\MATLAB\R2012a\bin\win64\m_pcodeio.dll
0x0000000079b10000 - 0x0000000079b77000 	C:\Program Files\MATLAB\R2012a\bin\win64\m_ir.dll
0x00000000557a0000 - 0x0000000055df0000 	C:\Program Files\MATLAB\R2012a\bin\win64\m_parser.dll
0x000000005b340000 - 0x000000005b35a000 	C:\Program Files\MATLAB\R2012a\bin\win64\ir_xfmr.dll
0x0000000055520000 - 0x0000000055799000 	C:\Program Files\MATLAB\R2012a\bin\win64\mcos.dll
0x00000000686f0000 - 0x00000000686fc000 	C:\Program Files\MATLAB\R2012a\bin\win64\mtok.dll
0x00000000554e0000 - 0x0000000055511000 	C:\Program Files\MATLAB\R2012a\bin\win64\m_pcodegen.dll
0x0000000079fb0000 - 0x0000000079fe7000 	C:\Program Files\MATLAB\R2012a\bin\win64\libmwbridge.dll
0x0000000055410000 - 0x00000000554d8000 	C:\Program Files\MATLAB\R2012a\bin\win64\udd.dll
0x00000000552b0000 - 0x0000000055402000 	C:\Program Files\MATLAB\R2012a\bin\win64\libmwgui.dll
0x000000005a3b0000 - 0x000000005a3c7000 	C:\Program Files\MATLAB\R2012a\bin\win64\graphics_util.dll
0x0000000054900000 - 0x00000000552a3000 	C:\Program Files\MATLAB\R2012a\bin\win64\hg.dll
0x0000000004f10000 - 0x0000000004f77000 	C:\Program Files\MATLAB\R2012a\bin\win64\libmat.dll
0x0000000072d30000 - 0x0000000072f44000 	C:\Program Files\MATLAB\R2012a\bin\win64\hdf5dll.dll
0x0000000075710000 - 0x00000000757c1000 	C:\Program Files\MATLAB\R2012a\bin\win64\jmi.dll
0x0000000004fb0000 - 0x0000000004fbe000 	C:\Program Files\MATLAB\R2012a\bin\win64\nativejava_services.dll
0x00000000548b0000 - 0x00000000548f2000 	C:\Program Files\MATLAB\R2012a\bin\win64\libmwhardcopy.dll
0x0000000054850000 - 0x00000000548aa000 	C:\Program Files\MATLAB\R2012a\bin\win64\libuij.dll
0x0000000054640000 - 0x000000005484c000 	C:\Program Files\MATLAB\R2012a\bin\win64\hgdatatypes.dll
0x0000000054540000 - 0x000000005463d000 	C:\Program Files\MATLAB\R2012a\bin\win64\hgutils.dll
0x0000000054480000 - 0x000000005453d000 	C:\Program Files\MATLAB\R2012a\bin\win64\udd_mi.dll
0x0000000005020000 - 0x000000000505b000 	C:\Program Files\MATLAB\R2012a\bin\win64\libmwgbtutils.dll
0x0000000005070000 - 0x0000000005089000 	C:\Program Files\MATLAB\R2012a\bin\win64\libmwgbt.dll
0x00000000050a0000 - 0x000000000536a000 	C:\Program Files\MATLAB\R2012a\bin\win64\uiw.dll
0x0000000064e90000 - 0x0000000064e9f000 	C:\Program Files\MATLAB\R2012a\bin\win64\uinone.dll
0x000007fef9130000 - 0x000007fef9148000 	C:\Windows\system32\MPR.dll
0x000000006d310000 - 0x000000006d7f4000 	C:\Windows\WinSxS\amd64_microsoft.vc90.mfc_1fc8b3b9a1e18e3b_9.0.30729.6161_none_044aad0bab1eb146\mfc90.dll
0x000007fefbc40000 - 0x000007fefbc47000 	C:\Windows\system32\MSIMG32.dll
0x000007fef9cd0000 - 0x000007fef9d41000 	C:\Windows\system32\WINSPOOL.DRV
0x0000000059c00000 - 0x0000000059c20000 	C:\Program Files\MATLAB\R2012a\bin\win64\mwoles05.DLL
0x0000000054400000 - 0x000000005447c000 	C:\Program Files\MATLAB\R2012a\bin\win64\comcli.dll
0x000000006d2e0000 - 0x000000006d30f000 	C:\Windows\WinSxS\amd64_microsoft.vc90.atl_1fc8b3b9a1e18e3b_9.0.30729.6161_none_0a1fd3a3a768b895\ATL90.DLL
0x0000000064e60000 - 0x0000000064e6c000 	C:\Program Files\MATLAB\R2012a\bin\win64\mlautoregister.dll
0x00000000053c0000 - 0x00000000053d0000 	C:\Program Files\MATLAB\R2012a\bin\win64\boost_iostreams-vc90-mt-1_44.dll
0x000007fefe240000 - 0x000007fefe26e000 	C:\Windows\system32\IMM32.DLL
0x000007feffa10000 - 0x000007feffb19000 	C:\Windows\system32\MSCTF.dll
0x000007fefc520000 - 0x000007fefc576000 	C:\Windows\system32\UxTheme.dll
0x000007fefc140000 - 0x000007fefc158000 	C:\Windows\system32\dwmapi.dll
0x000000006d2d0000 - 0x000000006d2dd000 	C:\Windows\WinSxS\amd64_microsoft.vc90.mfcloc_1fc8b3b9a1e18e3b_9.0.30729.6161_none_01c9581e60cbee58\MFC90ENU.DLL
0x0000000005430000 - 0x0000000005459000 	C:\Program Files\MATLAB\R2012a\bin\win64\tbbmalloc.dll
0x000007fefdde0000 - 0x000007fefddef000 	C:\Windows\system32\profapi.dll
0x000007fefc840000 - 0x000007fefc84f000 	C:\Program Files\MATLAB\R2012a\bin\win64\xmlxrcsc.dll
0x000007fefdcd0000 - 0x000007fefdcdf000 	C:\Windows\system32\CRYPTBASE.dll
0x000007fefc860000 - 0x000007fefca54000 	C:\Windows\WinSxS\amd64_microsoft.windows.common-controls_6595b64144ccf1df_6.0.7601.17514_none_fa396087175ac9ac\comctl32.dll
0x000007feff6b0000 - 0x000007feff887000 	C:\Windows\system32\SETUPAPI.dll
0x000007fefe100000 - 0x000007fefe136000 	C:\Windows\system32\CFGMGR32.dll
0x000007fefde90000 - 0x000007fefdeaa000 	C:\Windows\system32\DEVOBJ.dll
0x000007feff970000 - 0x000007feffa09000 	C:\Windows\system32\CLBCatQ.DLL
0x000007fefc6e0000 - 0x000007fefc80c000 	C:\Windows\system32\propsys.dll
0x000007fefbf90000 - 0x000007fefbfbd000 	C:\Windows\system32\ntmarta.dll
0x000007fefe540000 - 0x000007fefe592000 	C:\Windows\system32\WLDAP32.dll
0x0000000078870000 - 0x0000000078ecd000 	C:\Program Files\MATLAB\R2012a\sys\java\jre\win64\jre\bin\server\jvm.dll
0x000007fefb9a0000 - 0x000007fefb9db000 	C:\Windows\system32\WINMM.dll
0x000007fefba00000 - 0x000007fefba27000 	C:\Windows\system32\iphlpapi.dll

VM Arguments:
jvm_args: -Xss512k -XX:PermSize=32m -Xms64m -XX:NewRatio=3 -XX:MaxPermSize=128m -Xmx196m -XX:MaxDirectMemorySize=2147400000 -Dsun.java2d.noddraw=true -Dsun.awt.nopixfmt=true -Xshare:off -Xrs -Dsun.awt.disableMixing=true -Djava.library.path=C:\Program Files\MATLAB\R2012a\bin\win64 vfprintf abort 
java_command: <unknown>
Launcher Type: generic

Environment Variables:
CLASSPATH=.;C:\Program Files (x86)\Java\jre7\lib\ext\QTJava.zip
PATH=C:\Program Files\Microsoft HPC Pack 2008\Bin\;C:\Program Files (x86)\NVIDIA Corporation\PhysX\Common;C:\Program Files\Common Files\Microsoft Shared\Windows Live;C:\Program Files (x86)\Common Files\Microsoft Shared\Windows Live;c:\Program Files (x86)\Intel\iCLS Client\;c:\Program Files\Intel\iCLS Client\;C:\Windows\system32;C:\Windows;C:\Windows\System32\Wbem;C:\Windows\System32\WindowsPowerShell\v1.0\;C:\Program Files (x86)\Windows Live\Shared;C:\Program Files (x86)\MiKTeX 2.9\miktex\bin\;C:\Program Files (x86)\Intel\OpenCL SDK\2.0\bin\x86;C:\Program Files (x86)\Intel\OpenCL SDK\2.0\bin\x64;C:\Program Files\MATLAB\R2012a\runtime\win64;C:\Program Files\MATLAB\R2012a\bin;C:\Users\Neel\AppData\Local\Smartbar\Application\;C:\Program Files (x86)\QuickTime\QTSystem\;C:\Users\Neel\AppData\Local\Smartbar\Application\;C:\VXIPNP\WINNT\BIN;C:\VXIPNP\WINNT\TekVISA\BIN;C:\SIMULIA\Abaqus\Commands;C:\Program Files (x86)\Calibre2\;C:\Program Files (x86)\Skype\Phone\;C:\texlive\2014\bin\win32
USERNAME=Neel
OS=Windows_NT
PROCESSOR_IDENTIFIER=Intel64 Family 6 Model 42 Stepping 7, GenuineIntel



---------------  S Y S T E M  ---------------

OS: Windows 7 Build 7601 Service Pack 1

CPU:total 4 (8 cores per cpu, 2 threads per core) family 6 model 42 stepping 7, cmov, cx8, fxsr, mmx, sse, sse2, sse3, ssse3, sse4.1, sse4.2, ht

Memory: 4k page, physical 6189424k(1775348k free), swap 12376996k(6476864k free)

vm_info: Java HotSpot(TM) 64-Bit Server VM (14.3-b01) for windows-amd64 JRE (1.6.0_17-b04), built on Oct 11 2009 00:46:08 by "java_re" with MS VC++ 8.0

time: Fri Aug 14 12:19:45 2015
elapsed time: 87444 seconds

