#
# A fatal error has been detected by the Java Runtime Environment:
#
#  EXCEPTION_ACCESS_VIOLATION (0xc0000005) at pc=0x000000007322c750, pid=1148, tid=6136
#
# JRE version: 6.0_17-b04
# Java VM: Java HotSpot(TM) 64-Bit Server VM (14.3-b01 mixed mode windows-amd64 )
# Problematic frame:
# C  0x000000007322c750
#
# If you would like to submit a bug report, please visit:
#   http://java.sun.com/webapps/bugreport/crash.jsp
# The crash happened outside the Java Virtual Machine in native code.
# See problematic frame for where to report the bug.
#

---------------  T H R E A D  ---------------

Current thread (0x000000005546c000):  JavaThread "AWT-EventQueue-0" [_thread_in_native, id=6136, stack(0x0000000008ff0000,0x0000000009070000)]

siginfo: ExceptionCode=0xc0000005, reading address 0x0000000000000008

Registers:
EAX=0x000000000000000d, EBX=0x000000005546c1b8, ECX=0x0000000000000000, EDX=0x000000007e011073
ESP=0x000000000906de58, EBP=0x000000006aeb60c0, ESI=0x000000005546c1b8, EDI=0x0000000055d53730
EIP=0x000000007322c750, EFLAGS=0x0000000000010206

Top of Stack: (sp=0x000000000906de58)
0x000000000906de58:   00000000731d589c 0000000000000000
0x000000000906de68:   000000005546c1b8 000000006aeb60c0
0x000000000906de78:   000000005546c1b8 0000000000000000
0x000000000906de88:   000000005546c1b8 000000000906e660
0x000000000906de98:   00000000731b3810 000000005546c1b8
0x000000000906dea8:   000000000906e550 000000000906e528
0x000000000906deb8:   000000006aeb60c0 0000000000000001
0x000000000906dec8:   00000000731d2151 000000003e634df0
0x000000000906ded8:   000000000906e530 0000000000000000
0x000000000906dee8:   000000000906e528 000000003d4a43f8
0x000000000906def8:   0000000031c8752c 000000000000001d
0x000000000906df08:   000000000000003c 000000003c77d9f8
0x000000000906df18:   0000000031aa0a94 000000000906dff8
0x000000000906df28:   0000000031c65010 0000000000000000
0x000000000906df38:   0000000000000017 00000000465e1a18
0x000000000906df48:   000000003c77a0b0 000000003d485af0 

Instructions: (pc=0x000000007322c750)
0x000000007322c740:   48 8b 41 08 48 8b 80 18 0c 00 00 c3 cc cc cc cc
0x000000007322c750:   48 8b 49 08 48 85 c9 74 05 e9 72 f6 fd ff 33 c0 


Stack: [0x0000000008ff0000,0x0000000009070000],  sp=0x000000000906de58,  free space=503k
Native frames: (J=compiled Java code, j=interpreted, Vv=VM code, C=native code)
C  0x000000007322c750

Java frames: (J=compiled Java code, j=interpreted, Vv=VM code)
J  sun.java2d.windows.GDIBlitLoops.nativeBlit(Lsun/java2d/SurfaceData;Lsun/java2d/SurfaceData;Lsun/java2d/pipe/Region;IIIIIIIIIZ)V
J  sun.java2d.windows.GDIBlitLoops.Blit(Lsun/java2d/SurfaceData;Lsun/java2d/SurfaceData;Ljava/awt/Composite;Lsun/java2d/pipe/Region;IIIIII)V
J  sun.java2d.pipe.DrawImage.copyImage(Lsun/java2d/SunGraphics2D;Ljava/awt/Image;IILjava/awt/Color;Ljava/awt/image/ImageObserver;)Z
J  sun.java2d.SunGraphics2D.drawImage(Ljava/awt/Image;IILjava/awt/Color;Ljava/awt/image/ImageObserver;)Z
J  javax.swing.RepaintManager$PaintManager.paintDoubleBuffered(Ljavax/swing/JComponent;Ljava/awt/Image;Ljava/awt/Graphics;IIII)V
J  javax.swing.RepaintManager$PaintManager.paint(Ljavax/swing/JComponent;Ljavax/swing/JComponent;Ljava/awt/Graphics;IIII)Z
j  javax.swing.RepaintManager.paint(Ljavax/swing/JComponent;Ljavax/swing/JComponent;Ljava/awt/Graphics;IIII)V+52
J  javax.swing.JComponent.paint(Ljava/awt/Graphics;)V
j  java.awt.GraphicsCallback$PaintCallback.run(Ljava/awt/Component;Ljava/awt/Graphics;)V+2
j  sun.awt.SunGraphicsCallback.runOneComponent(Ljava/awt/Component;Ljava/awt/Rectangle;Ljava/awt/Graphics;Ljava/awt/Shape;I)V+155
j  sun.awt.SunGraphicsCallback.runComponents([Ljava/awt/Component;Ljava/awt/Graphics;I)V+104
j  java.awt.Container.paint(Ljava/awt/Graphics;)V+73
J  javax.swing.RepaintManager.paintDirtyRegions(Ljava/util/Map;)V
J  javax.swing.SystemEventQueueUtilities$ComponentWorkRequest.run()V
J  java.awt.event.InvocationEvent.dispatch()V
J  java.awt.EventDispatchThread.pumpOneEventForFilters(I)Z
J  java.awt.EventDispatchThread.pumpEventsForFilter(ILjava/awt/Conditional;Ljava/awt/EventFilter;)V
j  java.awt.EventDispatchThread.pumpEventsForHierarchy(ILjava/awt/Conditional;Ljava/awt/Component;)V+11
j  java.awt.EventDispatchThread.pumpEvents(ILjava/awt/Conditional;)V+4
j  java.awt.EventDispatchThread.pumpEvents(Ljava/awt/Conditional;)V+3
j  java.awt.EventDispatchThread.run()V+9
v  ~StubRoutines::call_stub

---------------  P R O C E S S  ---------------

Java Threads: ( => current thread )
  0x00000000555fd000 JavaThread "Code Analyzer updating thread" [_thread_blocked, id=8188, stack(0x0000000011990000,0x0000000011a10000)]
  0x00000000555fc000 JavaThread "Code Analyzer updating thread" [_thread_blocked, id=13168, stack(0x0000000012fe0000,0x0000000013060000)]
  0x00000000555fa000 JavaThread "Foxtrot Single Worker Thread #1" daemon [_thread_blocked, id=8732, stack(0x00000000111e0000,0x0000000011260000)]
  0x0000000055605000 JavaThread "Code Analyzer updating thread" [_thread_blocked, id=7624, stack(0x00000000117f0000,0x0000000011870000)]
  0x0000000055602800 JavaThread "Code Analyzer updating thread" [_thread_blocked, id=12588, stack(0x0000000011a30000,0x0000000011ab0000)]
  0x0000000055601000 JavaThread "Code Analyzer updating thread" [_thread_blocked, id=6960, stack(0x00000000112a0000,0x0000000011320000)]
  0x0000000055603800 JavaThread "Prefs Updater" daemon [_thread_blocked, id=1236, stack(0x0000000011700000,0x0000000011780000)]
  0x00000000555f8000 JavaThread "Explorer NavigationContext request queue" [_thread_in_vm, id=13132, stack(0x0000000011350000,0x00000000113d0000)]
  0x00000000555ff000 JavaThread "Active Reference Queue Daemon" daemon [_thread_blocked, id=4048, stack(0x0000000010e50000,0x0000000010ed0000)]
  0x00000000555fd800 JavaThread "Timer-7" daemon [_thread_blocked, id=11844, stack(0x0000000055fc0000,0x0000000056040000)]
  0x00000000555fe800 JavaThread "Timer-6" daemon [_thread_blocked, id=12068, stack(0x0000000050e30000,0x0000000050eb0000)]
  0x00000000555fa800 JavaThread "AddressBar directory emptiness poller" [_thread_blocked, id=12140, stack(0x0000000048c50000,0x0000000048cd0000)]
  0x00000000555f9000 JavaThread "Timer-1" [_thread_blocked, id=10264, stack(0x000000000ff60000,0x000000000ffe0000)]
  0x00000000557bc000 JavaThread "TimerQueue" daemon [_thread_blocked, id=5040, stack(0x0000000010ed0000,0x0000000010f50000)]
=>0x000000005546c000 JavaThread "AWT-EventQueue-0" [_thread_in_native, id=6136, stack(0x0000000008ff0000,0x0000000009070000)]
  0x000000000f169000 JavaThread "AWT-Shutdown" [_thread_blocked, id=9752, stack(0x0000000009260000,0x00000000092e0000)]
  0x000000000eef8800 JavaThread "FelixPackageAdmin" daemon [_thread_blocked, id=5304, stack(0x000000000f640000,0x000000000f6c0000)]
  0x000000005529f800 JavaThread "FelixStartLevel" daemon [_thread_blocked, id=10804, stack(0x000000000ed20000,0x000000000eda0000)]
  0x000000005549e000 JavaThread "FelixDispatchQueue" daemon [_thread_blocked, id=6296, stack(0x000000000f580000,0x000000000f600000)]
  0x000000000861a800 JavaThread "com.google.common.base.internal.Finalizer" daemon [_thread_blocked, id=6200, stack(0x000000000f290000,0x000000000f310000)]
  0x0000000055404800 JavaThread "AWT-Windows" daemon [_thread_in_native, id=8040, stack(0x0000000009080000,0x0000000009100000)]
  0x000000005557a800 JavaThread "Java2D Disposer" daemon [_thread_blocked, id=568, stack(0x0000000008ee0000,0x0000000008f60000)]
  0x0000000008ac5000 JavaThread "Timer-0" [_thread_blocked, id=11320, stack(0x0000000008cf0000,0x0000000008d70000)]
  0x0000000008a0d800 JavaThread "EventMgr Dispatcher" daemon [_thread_in_native, id=12184, stack(0x00000000190e0000,0x000000001d0e0000)]
  0x000000000e9f1000 JavaThread "Low Memory Detector" daemon [_thread_blocked, id=11336, stack(0x000000000ebe0000,0x000000000ec60000)]
  0x000000000e9ed800 JavaThread "CompilerThread1" daemon [_thread_blocked, id=3972, stack(0x00000000840b0000,0x00000000880b0000)]
  0x000000000e9e5800 JavaThread "CompilerThread0" daemon [_thread_blocked, id=10592, stack(0x0000000080000000,0x0000000084000000)]
  0x000000000e9dd000 JavaThread "Attach Listener" daemon [_thread_blocked, id=10852, stack(0x000000000edf0000,0x000000000ee70000)]
  0x000000000e988800 JavaThread "Finalizer" daemon [_thread_blocked, id=11476, stack(0x000000000ec60000,0x000000000ece0000)]
  0x000000000e982800 JavaThread "Reference Handler" daemon [_thread_blocked, id=11496, stack(0x000000000eb30000,0x000000000ebb0000)]
  0x00000000059ff800 JavaThread "main" [_thread_in_native, id=11776, stack(0x0000000000210000,0x0000000004210000)]

Other Threads:
  0x00000000059de800 VMThread [stack: 0x0000000064df0000,0x0000000068df0000] [id=10964]
  0x000000000ea04800 WatcherThread [stack: 0x0000000088110000,0x000000008c110000] [id=5624]

VM state:not at safepoint (normal execution)

VM Mutex/Monitor currently owned by a thread: None

Heap
 PSYoungGen      total 49728K, used 8145K [0x0000000045a50000, 0x0000000048b50000, 0x0000000048b50000)
  eden space 49408K, 16% used [0x0000000045a50000,0x000000004620c5d0,0x0000000048a90000)
  from space 320K, 70% used [0x0000000048ae0000,0x0000000048b18000,0x0000000048b30000)
  to   space 320K, 0% used [0x0000000048a90000,0x0000000048a90000,0x0000000048ae0000)
 PSOldGen        total 150528K, used 99738K [0x000000003c750000, 0x0000000045a50000, 0x0000000045a50000)
  object space 150528K, 66% used [0x000000003c750000,0x00000000428b6970,0x0000000045a50000)
 PSPermGen       total 64384K, used 63625K [0x0000000034750000, 0x0000000038630000, 0x000000003c750000)
  object space 64384K, 98% used [0x0000000034750000,0x0000000038572508,0x0000000038630000)

Dynamic libraries:
0x000000013fc10000 - 0x000000013fc42000 	C:\Program Files\MATLAB\R2012a\bin\win64\MATLAB.exe
0x0000000077790000 - 0x0000000077939000 	C:\Windows\SYSTEM32\ntdll.dll
0x00000000770b0000 - 0x00000000771cf000 	C:\Windows\system32\kernel32.dll
0x000007fefdca0000 - 0x000007fefdd0c000 	C:\Windows\system32\KERNELBASE.dll
0x0000000074fa0000 - 0x0000000075035000 	C:\Windows\System32\SYSFER.DLL
0x0000000074460000 - 0x0000000074554000 	C:\Program Files\MATLAB\R2012a\bin\win64\libut.dll
0x00000000758a0000 - 0x0000000075952000 	C:\Program Files\MATLAB\R2012a\bin\win64\libmwi18n.dll
0x0000000180000000 - 0x000000018000b000 	C:\Program Files\MATLAB\R2012a\bin\win64\libmwresource_core.dll
0x000000006f490000 - 0x000000006f563000 	C:\Windows\WinSxS\amd64_microsoft.vc90.crt_1fc8b3b9a1e18e3b_9.0.30729.6161_none_08e61857a83bc251\MSVCP90.dll
0x000000006f3e0000 - 0x000000006f483000 	C:\Windows\WinSxS\amd64_microsoft.vc90.crt_1fc8b3b9a1e18e3b_9.0.30729.6161_none_08e61857a83bc251\MSVCR90.dll
0x000000007a170000 - 0x000000007a19c000 	C:\Program Files\MATLAB\R2012a\bin\win64\boost_filesystem-vc90-mt-1_44.dll
0x000000007a560000 - 0x000000007a569000 	C:\Program Files\MATLAB\R2012a\bin\win64\boost_system-vc90-mt-1_44.dll
0x000007feff4a0000 - 0x000007feff57b000 	C:\Windows\system32\ADVAPI32.dll
0x000007feff340000 - 0x000007feff3df000 	C:\Windows\system32\msvcrt.dll
0x000007fefe590000 - 0x000007fefe5af000 	C:\Windows\SYSTEM32\sechost.dll
0x000007fefdfc0000 - 0x000007fefe0ed000 	C:\Windows\system32\RPCRT4.dll
0x000000007a010000 - 0x000000007a035000 	C:\Program Files\MATLAB\R2012a\bin\win64\LIBEXPAT.dll
0x000000005b500000 - 0x000000005b6f1000 	C:\Program Files\MATLAB\R2012a\bin\win64\icuin44.dll
0x000000005b380000 - 0x000000005b4f1000 	C:\Program Files\MATLAB\R2012a\bin\win64\icuuc44.dll
0x0000000010000000 - 0x0000000010e41000 	C:\Program Files\MATLAB\R2012a\bin\win64\icudt44.dll
0x0000000073f70000 - 0x00000000740ad000 	C:\Program Files\MATLAB\R2012a\bin\win64\libmwfl.dll
0x00000000044a0000 - 0x0000000004796000 	C:\Program Files\MATLAB\R2012a\bin\win64\libmwMATLAB_res.dll
0x000000007a3b0000 - 0x000000007a3c0000 	C:\Program Files\MATLAB\R2012a\bin\win64\boost_date_time-vc90-mt-1_44.dll
0x000000007a250000 - 0x000000007a263000 	C:\Program Files\MATLAB\R2012a\bin\win64\boost_signals-vc90-mt-1_44.dll
0x000000007a2d0000 - 0x000000007a2e2000 	C:\Program Files\MATLAB\R2012a\bin\win64\boost_thread-vc90-mt-1_44.dll
0x00000000001b0000 - 0x00000000001f6000 	C:\Program Files\MATLAB\R2012a\bin\win64\tbb.dll
0x000007feff480000 - 0x000007feff499000 	C:\Windows\system32\imagehlp.dll
0x0000000077960000 - 0x0000000077967000 	C:\Windows\system32\PSAPI.DLL
0x0000000074d30000 - 0x0000000074d43000 	C:\Program Files\MATLAB\R2012a\bin\win64\icuio44.dll
0x000007fef78c0000 - 0x000007fef79e5000 	C:\Windows\system32\dbghelp.dll
0x00000000773e0000 - 0x00000000774da000 	C:\Windows\system32\USER32.dll
0x000007feff7a0000 - 0x000007feff807000 	C:\Windows\system32\GDI32.dll
0x000007feff760000 - 0x000007feff76e000 	C:\Windows\system32\LPK.dll
0x000007feff8f0000 - 0x000007feff9b9000 	C:\Windows\system32\USP10.dll
0x000000007bed0000 - 0x000000007c183000 	C:\Program Files\MATLAB\R2012a\bin\win64\libmwservices.dll
0x0000000075a20000 - 0x0000000075ae2000 	C:\Program Files\MATLAB\R2012a\bin\win64\libmx.dll
0x000000007a210000 - 0x000000007a228000 	C:\Program Files\MATLAB\R2012a\bin\win64\zlib1.dll
0x0000000004250000 - 0x0000000004271000 	C:\Program Files\MATLAB\R2012a\bin\win64\libmwmfl_scalar.dll
0x0000000075f10000 - 0x0000000075f5d000 	C:\Program Files\MATLAB\R2012a\bin\win64\mpath.dll
0x000000007b680000 - 0x000000007bbe1000 	C:\Program Files\MATLAB\R2012a\bin\win64\mlutil.dll
0x0000000074cb0000 - 0x0000000074d2f000 	C:\Program Files\MATLAB\R2012a\bin\win64\xmlcore.dll
0x000000007bc30000 - 0x000000007be83000 	C:\Program Files\MATLAB\R2012a\bin\win64\xerces-c_2_7.dll
0x000007feff690000 - 0x000007feff6dd000 	C:\Windows\system32\WS2_32.dll
0x000007fefe0f0000 - 0x000007fefe0f8000 	C:\Windows\system32\NSI.dll
0x00000000042d0000 - 0x00000000042ea000 	C:\Program Files\MATLAB\R2012a\bin\win64\libmwMATLAB_settings_res.dll
0x0000000004300000 - 0x0000000004347000 	C:\Program Files\MATLAB\R2012a\bin\win64\boost_serialization-vc90-mt-1_44.dll
0x000007fefe5b0000 - 0x000007feff338000 	C:\Windows\system32\SHELL32.dll
0x000007feff6e0000 - 0x000007feff751000 	C:\Windows\system32\SHLWAPI.dll
0x000007fefa3a0000 - 0x000007fefa440000 	C:\Windows\WinSxS\amd64_microsoft.windows.common-controls_6595b64144ccf1df_5.82.7601.17514_none_a4d6a923711520a9\COMCTL32.dll
0x000007fefe4f0000 - 0x000007fefe587000 	C:\Windows\system32\COMDLG32.dll
0x000007fefbc80000 - 0x000007fefbc96000 	C:\Windows\system32\NETAPI32.dll
0x000007fefbc70000 - 0x000007fefbc7c000 	C:\Windows\system32\netutils.dll
0x000007fefd820000 - 0x000007fefd843000 	C:\Windows\system32\srvcli.dll
0x000007fefbc50000 - 0x000007fefbc65000 	C:\Windows\system32\wkscli.dll
0x000007fefe100000 - 0x000007fefe303000 	C:\Windows\system32\ole32.dll
0x000007feff810000 - 0x000007feff8e7000 	C:\Windows\system32\OLEAUT32.dll
0x0000000074970000 - 0x0000000074b06000 	C:\Program Files\MATLAB\R2012a\bin\win64\mcr.dll
0x00000000047a0000 - 0x0000000004b0b000 	C:\Program Files\MATLAB\R2012a\bin\win64\iqm.dll
0x0000000058c40000 - 0x0000000059461000 	C:\Program Files\MATLAB\R2012a\bin\win64\m_interpreter.dll
0x0000000074c80000 - 0x0000000074ca5000 	C:\Program Files\MATLAB\R2012a\bin\win64\libmex.dll
0x0000000074bc0000 - 0x0000000074c73000 	C:\Program Files\MATLAB\R2012a\bin\win64\m_dispatcher.dll
0x0000000074880000 - 0x000000007496d000 	C:\Program Files\MATLAB\R2012a\bin\win64\boost_regex-vc90-mt-1_44.dll
0x0000000070640000 - 0x00000000706c4000 	C:\Program Files\MATLAB\R2012a\bin\win64\profiler.dll
0x0000000004b40000 - 0x0000000004d95000 	C:\Program Files\MATLAB\R2012a\bin\win64\libmwmathutil.dll
0x0000000079f40000 - 0x0000000079f6d000 	C:\Program Files\MATLAB\R2012a\bin\win64\libmwmathrng.dll
0x0000000004dc0000 - 0x0000000004e9d000 	C:\Program Files\MATLAB\R2012a\bin\win64\libmwmathcore.dll
0x0000000076160000 - 0x00000000761cb000 	C:\Program Files\MATLAB\R2012a\bin\win64\libmwspmatrix.dll
0x0000000075ea0000 - 0x0000000075f02000 	C:\Program Files\MATLAB\R2012a\bin\win64\libmwcholmod.dll
0x000000007a460000 - 0x000000007a46d000 	C:\Program Files\MATLAB\R2012a\bin\win64\libmwamd.dll
0x000000007a4b0000 - 0x000000007a4bc000 	C:\Program Files\MATLAB\R2012a\bin\win64\libmwcolamd.dll
0x0000000074ba0000 - 0x0000000074bb9000 	C:\Program Files\MATLAB\R2012a\bin\win64\libmwblas.dll
0x0000000070620000 - 0x0000000070632000 	C:\Program Files\MATLAB\R2012a\bin\win64\libmwbinder.dll
0x0000000074830000 - 0x000000007483b000 	C:\Program Files\MATLAB\R2012a\bin\win64\libmwompwrapper.dll
0x0000000062ea0000 - 0x0000000062f26000 	C:\Program Files\MATLAB\R2012a\bin\win64\libmwlapack.dll
0x0000000064d00000 - 0x0000000064d21000 	C:\Program Files\MATLAB\R2012a\bin\win64\m_pcodeio.dll
0x0000000079b10000 - 0x0000000079b77000 	C:\Program Files\MATLAB\R2012a\bin\win64\m_ir.dll
0x0000000059620000 - 0x0000000059c70000 	C:\Program Files\MATLAB\R2012a\bin\win64\m_parser.dll
0x000000006e230000 - 0x000000006e24a000 	C:\Program Files\MATLAB\R2012a\bin\win64\ir_xfmr.dll
0x000000005b100000 - 0x000000005b379000 	C:\Program Files\MATLAB\R2012a\bin\win64\mcos.dll
0x0000000074400000 - 0x000000007440c000 	C:\Program Files\MATLAB\R2012a\bin\win64\mtok.dll
0x0000000064cc0000 - 0x0000000064cf1000 	C:\Program Files\MATLAB\R2012a\bin\win64\m_pcodegen.dll
0x0000000079fb0000 - 0x0000000079fe7000 	C:\Program Files\MATLAB\R2012a\bin\win64\libmwbridge.dll
0x0000000060a50000 - 0x0000000060b18000 	C:\Program Files\MATLAB\R2012a\bin\win64\udd.dll
0x000000005afa0000 - 0x000000005b0f2000 	C:\Program Files\MATLAB\R2012a\bin\win64\libmwgui.dll
0x0000000063b40000 - 0x0000000063b57000 	C:\Program Files\MATLAB\R2012a\bin\win64\graphics_util.dll
0x0000000058290000 - 0x0000000058c33000 	C:\Program Files\MATLAB\R2012a\bin\win64\hg.dll
0x0000000004ff0000 - 0x0000000005057000 	C:\Program Files\MATLAB\R2012a\bin\win64\libmat.dll
0x0000000072d30000 - 0x0000000072f44000 	C:\Program Files\MATLAB\R2012a\bin\win64\hdf5dll.dll
0x0000000075710000 - 0x00000000757c1000 	C:\Program Files\MATLAB\R2012a\bin\win64\jmi.dll
0x0000000005090000 - 0x000000000509e000 	C:\Program Files\MATLAB\R2012a\bin\win64\nativejava_services.dll
0x0000000061f90000 - 0x0000000061fd2000 	C:\Program Files\MATLAB\R2012a\bin\win64\libmwhardcopy.dll
0x00000000608e0000 - 0x000000006093a000 	C:\Program Files\MATLAB\R2012a\bin\win64\libuij.dll
0x0000000058080000 - 0x000000005828c000 	C:\Program Files\MATLAB\R2012a\bin\win64\hgdatatypes.dll
0x000000005aea0000 - 0x000000005af9d000 	C:\Program Files\MATLAB\R2012a\bin\win64\hgutils.dll
0x0000000059560000 - 0x000000005961d000 	C:\Program Files\MATLAB\R2012a\bin\win64\udd_mi.dll
0x0000000005100000 - 0x000000000513b000 	C:\Program Files\MATLAB\R2012a\bin\win64\libmwgbtutils.dll
0x0000000005150000 - 0x0000000005169000 	C:\Program Files\MATLAB\R2012a\bin\win64\libmwgbt.dll
0x0000000005180000 - 0x000000000544a000 	C:\Program Files\MATLAB\R2012a\bin\win64\uiw.dll
0x0000000070610000 - 0x000000007061f000 	C:\Program Files\MATLAB\R2012a\bin\win64\uinone.dll
0x000007fef8e40000 - 0x000007fef8e58000 	C:\Windows\system32\MPR.dll
0x000000006c0e0000 - 0x000000006c5c4000 	C:\Windows\WinSxS\amd64_microsoft.vc90.mfc_1fc8b3b9a1e18e3b_9.0.30729.6161_none_044aad0bab1eb146\mfc90.dll
0x000007fefbbc0000 - 0x000007fefbbc7000 	C:\Windows\system32\MSIMG32.dll
0x000007fef9970000 - 0x000007fef99e1000 	C:\Windows\system32\WINSPOOL.DRV
0x0000000062e80000 - 0x0000000062ea0000 	C:\Program Files\MATLAB\R2012a\bin\win64\mwoles05.DLL
0x000000005ae20000 - 0x000000005ae9c000 	C:\Program Files\MATLAB\R2012a\bin\win64\comcli.dll
0x0000000064110000 - 0x000000006413f000 	C:\Windows\WinSxS\amd64_microsoft.vc90.atl_1fc8b3b9a1e18e3b_9.0.30729.6161_none_0a1fd3a3a768b895\ATL90.DLL
0x00000000704b0000 - 0x00000000704bc000 	C:\Program Files\MATLAB\R2012a\bin\win64\mlautoregister.dll
0x00000000054a0000 - 0x00000000054b0000 	C:\Program Files\MATLAB\R2012a\bin\win64\boost_iostreams-vc90-mt-1_44.dll
0x000007feff770000 - 0x000007feff79e000 	C:\Windows\system32\IMM32.DLL
0x000007feff580000 - 0x000007feff689000 	C:\Windows\system32\MSCTF.dll
0x000007fefc330000 - 0x000007fefc386000 	C:\Windows\system32\UxTheme.dll
0x000007fefbf50000 - 0x000007fefbf68000 	C:\Windows\system32\dwmapi.dll
0x00000000738e0000 - 0x00000000738ed000 	C:\Windows\WinSxS\amd64_microsoft.vc90.mfcloc_1fc8b3b9a1e18e3b_9.0.30729.6161_none_01c9581e60cbee58\MFC90ENU.DLL
0x0000000005a00000 - 0x0000000005a29000 	C:\Program Files\MATLAB\R2012a\bin\win64\tbbmalloc.dll
0x000007fefdbf0000 - 0x000007fefdbff000 	C:\Windows\system32\profapi.dll
0x000007fef88f0000 - 0x000007fef88ff000 	C:\Program Files\MATLAB\R2012a\bin\win64\xmlxrcsc.dll
0x000007fefdb20000 - 0x000007fefdb2f000 	C:\Windows\system32\CRYPTBASE.dll
0x000007fefc3e0000 - 0x000007fefc5d4000 	C:\Windows\WinSxS\amd64_microsoft.windows.common-controls_6595b64144ccf1df_6.0.7601.17514_none_fa396087175ac9ac\comctl32.dll
0x000007fefe310000 - 0x000007fefe4e7000 	C:\Windows\system32\SETUPAPI.dll
0x000007fefdea0000 - 0x000007fefded6000 	C:\Windows\system32\CFGMGR32.dll
0x000007fefde80000 - 0x000007fefde9a000 	C:\Windows\system32\DEVOBJ.dll
0x000007feff3e0000 - 0x000007feff479000 	C:\Windows\system32\CLBCatQ.DLL
0x000007fefc8d0000 - 0x000007fefc9fc000 	C:\Windows\system32\propsys.dll
0x000007fefbad0000 - 0x000007fefbafd000 	C:\Windows\system32\ntmarta.dll
0x000007feffa40000 - 0x000007feffa92000 	C:\Windows\system32\WLDAP32.dll
0x0000000078870000 - 0x0000000078ecd000 	C:\Program Files\MATLAB\R2012a\sys\java\jre\win64\jre\bin\server\jvm.dll
0x000007fefb7b0000 - 0x000007fefb7eb000 	C:\Windows\system32\WINMM.dll
0x000007fefb110000 - 0x000007fefb137000 	C:\Windows\system32\iphlpapi.dll

VM Arguments:
jvm_args: -Xss512k -XX:PermSize=32m -Xms64m -XX:NewRatio=3 -XX:MaxPermSize=128m -Xmx196m -XX:MaxDirectMemorySize=2147400000 -Dsun.java2d.noddraw=true -Dsun.awt.nopixfmt=true -Xshare:off -Xrs -Dsun.awt.disableMixing=true -Djava.library.path=C:\Program Files\MATLAB\R2012a\bin\win64 vfprintf abort 
java_command: <unknown>
Launcher Type: generic

Environment Variables:
CLASSPATH=.;C:\Program Files (x86)\Java\jre7\lib\ext\QTJava.zip
PATH=C:\Program Files\Microsoft HPC Pack 2008\Bin\;C:\Program Files (x86)\NVIDIA Corporation\PhysX\Common;C:\Program Files\Common Files\Microsoft Shared\Windows Live;C:\Program Files (x86)\Common Files\Microsoft Shared\Windows Live;c:\Program Files (x86)\Intel\iCLS Client\;c:\Program Files\Intel\iCLS Client\;C:\Windows\system32;C:\Windows;C:\Windows\System32\Wbem;C:\Windows\System32\WindowsPowerShell\v1.0\;C:\Program Files (x86)\Windows Live\Shared;C:\Program Files (x86)\MiKTeX 2.9\miktex\bin\;C:\Program Files (x86)\Intel\OpenCL SDK\2.0\bin\x86;C:\Program Files (x86)\Intel\OpenCL SDK\2.0\bin\x64;C:\Program Files\MATLAB\R2012a\runtime\win64;C:\Program Files\MATLAB\R2012a\bin;C:\Users\Neel\AppData\Local\Smartbar\Application\;C:\Program Files (x86)\QuickTime\QTSystem\;C:\Users\Neel\AppData\Local\Smartbar\Application\;C:\VXIPNP\WINNT\BIN;C:\VXIPNP\WINNT\TekVISA\BIN;C:\SIMULIA\Abaqus\Commands;C:\Program Files (x86)\Calibre2\;C:\Program Files (x86)\Skype\Phone\;C:\texlive\2014\bin\win32
USERNAME=Neel
OS=Windows_NT
PROCESSOR_IDENTIFIER=Intel64 Family 6 Model 42 Stepping 7, GenuineIntel



---------------  S Y S T E M  ---------------

OS: Windows 7 Build 7601 Service Pack 1

CPU:total 4 (8 cores per cpu, 2 threads per core) family 6 model 42 stepping 7, cmov, cx8, fxsr, mmx, sse, sse2, sse3, ssse3, sse4.1, sse4.2, ht

Memory: 4k page, physical 6189424k(1776704k free), swap 12376996k(6333448k free)

vm_info: Java HotSpot(TM) 64-Bit Server VM (14.3-b01) for windows-amd64 JRE (1.6.0_17-b04), built on Oct 11 2009 00:46:08 by "java_re" with MS VC++ 8.0

time: Sat Jul 25 14:53:38 2015
elapsed time: 342854 seconds

